GROUP,PACKAGE,CLASS,INSTRUCTION_MISSED,INSTRUCTION_COVERED,BRANCH_MISSED,BRANCH_COVERED,LINE_MISSED,LINE_COVERED,COMPLEXITY_MISSED,COMPLEXITY_COVERED,METHOD_MISSED,METHOD_COVERED
jacoco-coverage-aggregate-report/ride,com.modsen.ride,RideApplication,5,3,0,0,2,1,1,1,1,1
jacoco-coverage-aggregate-report/ride,com.modsen.ride.dto,SharedRideResponse,68,0,10,0,4,0,13,0,8,0
jacoco-coverage-aggregate-report/ride,com.modsen.ride.dto,StatusUpdate,42,39,9,5,1,3,11,4,4,4
jacoco-coverage-aggregate-report/ride,com.modsen.ride.dto,RideDto,182,200,51,19,0,11,37,20,2,20
jacoco-coverage-aggregate-report/ride,com.modsen.ride.dto,DriverStatus,0,21,0,0,0,4,0,1,0,1
jacoco-coverage-aggregate-report/ride,com.modsen.ride.dto,RideStart,72,9,14,0,2,2,13,2,6,2
jacoco-coverage-aggregate-report/ride,com.modsen.ride.dto,PaymentEvent,92,32,22,0,0,5,14,7,3,7
jacoco-coverage-aggregate-report/ride,com.modsen.ride.dto.request,RideRequest,77,90,21,9,0,6,17,10,2,10
jacoco-coverage-aggregate-report/ride,com.modsen.ride.service.impl,RideServiceImpl,32,237,1,3,7,45,3,15,2,14
jacoco-coverage-aggregate-report/ride,com.modsen.ride.service.impl,FakeCostCalculator,0,34,0,0,0,6,0,3,0,3
jacoco-coverage-aggregate-report/ride,com.modsen.ride.controller,RideController,69,9,0,0,16,1,7,1,7,1
jacoco-coverage-aggregate-report/ride,com.modsen.ride.exception,WaitingRideNotFoundException,0,13,0,0,0,2,0,1,0,1
jacoco-coverage-aggregate-report/ride,com.modsen.ride.exception,RideNotFoundException,0,13,0,0,0,2,0,1,0,1
jacoco-coverage-aggregate-report/ride,com.modsen.ride.exception,DriverNotAvailableException,17,0,0,0,2,0,1,0,1,0
jacoco-coverage-aggregate-report/ride,com.modsen.ride.exception,BaseException,6,10,0,0,2,4,2,1,2,1
jacoco-coverage-aggregate-report/ride,com.modsen.ride.exception,PaymentFailedException,9,0,0,0,2,0,1,0,1,0
jacoco-coverage-aggregate-report/ride,com.modsen.ride.exception,RideAlreadyEndedException,0,13,0,0,0,2,0,1,0,1
jacoco-coverage-aggregate-report/ride,com.modsen.ride.exception,GlobalExceptionHandler,78,10,0,0,22,2,4,2,4,2
jacoco-coverage-aggregate-report/ride,com.modsen.ride.config,KafkaConsumerConfig,0,46,0,0,0,7,0,4,0,4
jacoco-coverage-aggregate-report/ride,com.modsen.ride.config,FeignConfig,0,7,0,0,0,2,0,2,0,2
jacoco-coverage-aggregate-report/ride,com.modsen.ride.config,KafkaProducerConfig,0,70,0,0,0,15,0,10,0,10
jacoco-coverage-aggregate-report/ride,com.modsen.ride.config,MessageLocalizationConfig,0,15,0,0,0,5,0,2,0,2
jacoco-coverage-aggregate-report/ride,com.modsen.ride.config,TopicConfig,0,15,0,0,0,10,0,4,0,4
jacoco-coverage-aggregate-report/ride,com.modsen.ride.model,Ride,205,220,57,21,0,12,41,22,2,22
jacoco-coverage-aggregate-report/ride,com.modsen.ride.model,PaymentStatus,0,21,0,0,0,4,0,1,0,1
jacoco-coverage-aggregate-report/ride,com.modsen.ride.model,WaitingRide,117,93,27,11,1,6,26,7,7,7
jacoco-coverage-aggregate-report/ride,com.modsen.ride.dto.response,WaitingRideResponse,117,93,27,11,1,6,26,7,7,7
jacoco-coverage-aggregate-report/ride,com.modsen.ride.dto.response,PaymentInfo,81,0,14,0,4,0,15,0,8,0
jacoco-coverage-aggregate-report/ride,com.modsen.ride.dto.response,DriverResponse,272,24,54,0,7,2,43,2,16,2
jacoco-coverage-aggregate-report/ride,com.modsen.ride.dto.response,ValidationErrorResponse,124,0,22,0,5,0,21,0,10,0
jacoco-coverage-aggregate-report/ride,com.modsen.ride.dto.response,ErrorResponse,124,0,22,0,5,0,21,0,10,0
jacoco-coverage-aggregate-report/ride,com.modsen.ride.mapper,RideMapperImpl,52,67,6,2,17,19,6,3,2,3
jacoco-coverage-aggregate-report/driver,com.modsen.driver.dto.response,ValidationErrorResponse,98,26,22,0,0,5,15,6,4,6
jacoco-coverage-aggregate-report/driver,com.modsen.driver.dto.response,DriverResponse,140,156,39,15,0,9,29,16,2,16
jacoco-coverage-aggregate-report/driver,com.modsen.driver.dto.response,ErrorResponse,81,26,16,0,0,5,12,6,4,6
jacoco-coverage-aggregate-report/driver,com.modsen.driver.service.impl,DriverServiceImpl,0,135,0,0,0,26,0,11,0,11
jacoco-coverage-aggregate-report/driver,com.modsen.driver.service.impl,FakeDriverNotifier,17,6,0,0,5,1,3,1,3,1
jacoco-coverage-aggregate-report/driver,com.modsen.driver.util,JsonUtil,27,0,0,0,6,0,4,0,4,0
jacoco-coverage-aggregate-report/driver,com.modsen.driver.mapper,DriverMapperImpl,5,97,3,13,3,29,3,9,0,4
jacoco-coverage-aggregate-report/driver,com.modsen.driver.consumer,KafkaListeners,14,10,0,0,4,2,1,2,1,2
jacoco-coverage-aggregate-report/driver,com.modsen.driver.model,Driver,140,156,35,19,0,9,28,17,3,15
jacoco-coverage-aggregate-report/driver,com.modsen.driver.model,Status,0,21,0,0,0,4,0,1,0,1
jacoco-coverage-aggregate-report/driver,com.modsen.driver.dto.event,RideOrdered,167,0,30,0,6,0,27,0,12,0
jacoco-coverage-aggregate-report/driver,com.modsen.driver.dto.event,RideEvent,210,0,38,0,7,0,33,0,14,0
jacoco-coverage-aggregate-report/driver,com.modsen.driver.dto.request,DriverUpdate,111,146,33,13,1,8,25,15,2,15
jacoco-coverage-aggregate-report/driver,com.modsen.driver.dto.request,DriverCreate,98,112,27,11,0,7,21,12,2,12
jacoco-coverage-aggregate-report/driver,com.modsen.driver.dto.request,DriverUpdate.DriverUpdateBuilder,54,0,0,0,1,0,8,0,8,0
jacoco-coverage-aggregate-report/driver,com.modsen.driver,DriverApplication,5,3,0,0,2,1,1,1,1,1
jacoco-coverage-aggregate-report/driver,com.modsen.driver.controller,DriverController,0,51,0,0,0,15,0,6,0,6
jacoco-coverage-aggregate-report/driver,com.modsen.driver.exception,GlobalExceptionHandler,12,61,0,0,4,16,1,4,1,4
jacoco-coverage-aggregate-report/driver,com.modsen.driver.exception,BaseException,0,16,0,0,0,6,0,3,0,3
jacoco-coverage-aggregate-report/driver,com.modsen.driver.exception,EmailAlreadyExistsException,0,13,0,0,0,2,0,1,0,1
jacoco-coverage-aggregate-report/driver,com.modsen.driver.exception,DriverNotFoundException,0,13,0,0,0,2,0,1,0,1
jacoco-coverage-aggregate-report/driver,com.modsen.driver.exception,PhoneNumberAlreadyExistsException,0,13,0,0,0,2,0,1,0,1
jacoco-coverage-aggregate-report/driver,com.modsen.driver.config,MessageLocalizationConfig,0,15,0,0,0,5,0,2,0,2
jacoco-coverage-aggregate-report/eureka-server,com.modsen.eurekaserver,EurekaServerApplication,8,0,0,0,3,0,2,0,2,0
jacoco-coverage-aggregate-report/gateway,com.modsen.gateway,GatewayApplication,8,0,0,0,3,0,2,0,2,0
jacoco-coverage-aggregate-report/passenger,com.modsen.passenger.exception,PassengerNotFoundException,0,13,0,0,0,2,0,1,0,1
jacoco-coverage-aggregate-report/passenger,com.modsen.passenger.exception,BaseException,0,16,0,0,0,6,0,3,0,3
jacoco-coverage-aggregate-report/passenger,com.modsen.passenger.exception,PhoneNumberAlreadyExistsException,0,13,0,0,0,2,0,1,0,1
jacoco-coverage-aggregate-report/passenger,com.modsen.passenger.exception,EmailAlreadyExistsException,0,13,0,0,0,2,0,1,0,1
jacoco-coverage-aggregate-report/passenger,com.modsen.passenger.exception,GlobalExceptionHandler,13,61,0,0,4,16,1,4,1,4
jacoco-coverage-aggregate-report/passenger,com.modsen.passenger.dto.response,ErrorResponse,98,26,22,0,0,5,15,6,4,6
jacoco-coverage-aggregate-report/passenger,com.modsen.passenger.dto.response,ValidationErrorResponse,98,26,22,0,0,5,15,6,4,6
jacoco-coverage-aggregate-report/passenger,com.modsen.passenger.dto.response,PassengerResponse,117,136,32,14,0,8,24,15,2,14
jacoco-coverage-aggregate-report/passenger,com.modsen.passenger,PassengerApplication,5,3,0,0,2,1,1,1,1,1
jacoco-coverage-aggregate-report/passenger,com.modsen.passenger.config,MessageLocalizationConfig,0,15,0,0,0,5,0,2,0,2
jacoco-coverage-aggregate-report/passenger,com.modsen.passenger.service.impl,PassengerServiceImpl,0,132,0,0,0,25,0,11,0,11
jacoco-coverage-aggregate-report/passenger,com.modsen.passenger.controller,PassengerController,0,51,0,0,0,15,0,6,0,6
jacoco-coverage-aggregate-report/passenger,com.modsen.passenger.dto.request,PassengerCreate,114,93,27,11,0,6,25,7,6,7
jacoco-coverage-aggregate-report/passenger,com.modsen.passenger.dto.request,PassengerUpdate,88,122,27,11,0,7,20,13,1,13
jacoco-coverage-aggregate-report/passenger,com.modsen.passenger.model,Passenger,117,136,31,15,0,8,24,15,2,14
jacoco-coverage-aggregate-report/passenger,com.modsen.passenger.mapper,PassengerMapperImpl,5,86,3,11,3,26,3,8,0,4
jacoco-coverage-aggregate-report/payment,com.modsen.payment.service.impl,PaymentServiceImpl,26,53,1,1,6,12,2,3,1,3
jacoco-coverage-aggregate-report/payment,com.modsen.payment.config,TopicConfig,0,11,0,0,0,7,0,3,0,3
jacoco-coverage-aggregate-report/payment,com.modsen.payment.config,KafkaCloudStreamConfig,0,16,0,0,0,5,0,3,0,3
jacoco-coverage-aggregate-report/payment,com.modsen.payment.config,RetryConfig,0,3,0,0,0,1,0,1,0,1
jacoco-coverage-aggregate-report/payment,com.modsen.payment.model,Balance,197,13,38,0,3,4,29,4,10,4
jacoco-coverage-aggregate-report/payment,com.modsen.payment.model,PaymentStatus,0,21,0,0,0,4,0,1,0,1
jacoco-coverage-aggregate-report/payment,com.modsen.payment,PaymentApplication,5,3,0,0,2,1,1,1,1,1
jacoco-coverage-aggregate-report/payment,com.modsen.payment.exception,BaseException,10,0,0,0,4,0,2,0,2,0
jacoco-coverage-aggregate-report/payment,com.modsen.payment.exception,LowBalanceException,7,0,0,0,2,0,1,0,1,0
jacoco-coverage-aggregate-report/payment,com.modsen.payment.exception,GlobalExceptionHandler,38,7,0,0,10,2,2,2,2,2
jacoco-coverage-aggregate-report/payment,com.modsen.payment.exception,BalanceNotFoundException,7,0,0,0,2,0,1,0,1,0
jacoco-coverage-aggregate-report/payment,com.modsen.payment.dto,PaymentEvent.PaymentEventBuilder,6,21,0,0,0,1,1,4,1,4
jacoco-coverage-aggregate-report/payment,com.modsen.payment.dto,RideInfo,288,94,68,2,0,11,38,19,3,19
jacoco-coverage-aggregate-report/payment,com.modsen.payment.dto,ErrorResponse,124,0,22,0,5,0,21,0,10,0
jacoco-coverage-aggregate-report/payment,com.modsen.payment.dto,PaymentEvent,56,72,15,7,0,6,13,9,2,9
